This is pdfTeX, Version 3.1415926-1.40.10 (TeX Live 2009/Debian) (format=pdflatex 2012.5.30)  25 OCT 2012 01:34
entering extended mode
 %&-line parsing enabled.
**proj2Finalreport.tex
(./proj2Finalreport.tex
LaTeX2e <2009/09/24>
Babel <v3.8l> and hyphenation patterns for english, usenglishmax, dumylang, noh
yphenation, loaded.
(/usr/share/texmf-texlive/tex/latex/base/article.cls
Document Class: article 2007/10/19 v1.4h Standard LaTeX document class
(/usr/share/texmf-texlive/tex/latex/base/size12.clo
File: size12.clo 2007/10/19 v1.4h Standard LaTeX file (size option)
)
\c@part=\count79
\c@section=\count80
\c@subsection=\count81
\c@subsubsection=\count82
\c@paragraph=\count83
\c@subparagraph=\count84
\c@figure=\count85
\c@table=\count86
\abovecaptionskip=\skip41
\belowcaptionskip=\skip42
\bibindent=\dimen102
)
(/usr/share/texmf-texlive/tex/latex/graphics/graphicx.sty
Package: graphicx 1999/02/16 v1.0f Enhanced LaTeX Graphics (DPC,SPQR)

(/usr/share/texmf-texlive/tex/latex/graphics/keyval.sty
Package: keyval 1999/03/16 v1.13 key=value parser (DPC)
\KV@toks@=\toks14
)
(/usr/share/texmf-texlive/tex/latex/graphics/graphics.sty
Package: graphics 2009/02/05 v1.0o Standard LaTeX Graphics (DPC,SPQR)

(/usr/share/texmf-texlive/tex/latex/graphics/trig.sty
Package: trig 1999/03/16 v1.09 sin cos tan (DPC)
)
(/etc/texmf/tex/latex/config/graphics.cfg
File: graphics.cfg 2009/08/28 v1.8 graphics configuration of TeX Live
)
Package graphics Info: Driver file: pdftex.def on input line 91.

(/usr/share/texmf-texlive/tex/latex/pdftex-def/pdftex.def
File: pdftex.def 2010/03/12 v0.04p Graphics/color for pdfTeX
\Gread@gobject=\count87
))
\Gin@req@height=\dimen103
\Gin@req@width=\dimen104
)
(./proj2Finalreport.aux

LaTeX Warning: Label `overflow' multiply defined.

)
\openout1 = `proj2Finalreport.aux'.

LaTeX Font Info:    Checking defaults for OML/cmm/m/it on input line 7.
LaTeX Font Info:    ... okay on input line 7.
LaTeX Font Info:    Checking defaults for T1/cmr/m/n on input line 7.
LaTeX Font Info:    ... okay on input line 7.
LaTeX Font Info:    Checking defaults for OT1/cmr/m/n on input line 7.
LaTeX Font Info:    ... okay on input line 7.
LaTeX Font Info:    Checking defaults for OMS/cmsy/m/n on input line 7.
LaTeX Font Info:    ... okay on input line 7.
LaTeX Font Info:    Checking defaults for OMX/cmex/m/n on input line 7.
LaTeX Font Info:    ... okay on input line 7.
LaTeX Font Info:    Checking defaults for U/cmr/m/n on input line 7.
LaTeX Font Info:    ... okay on input line 7.
 (/usr/share/texmf-texlive/tex/context/base/supp-pdf.mkii
[Loading MPS to PDF converter (version 2006.09.02).]
\scratchcounter=\count88
\scratchdimen=\dimen105
\scratchbox=\box26
\nofMPsegments=\count89
\nofMParguments=\count90
\everyMPshowfont=\toks15
\MPscratchCnt=\count91
\MPscratchDim=\dimen106
\MPnumerator=\count92
\everyMPtoPDFconversion=\toks16
)
LaTeX Font Info:    External font `cmex10' loaded for size
(Font)              <14.4> on input line 8.
LaTeX Font Info:    External font `cmex10' loaded for size
(Font)              <7> on input line 8.
LaTeX Font Info:    External font `cmex10' loaded for size
(Font)              <12> on input line 17.
LaTeX Font Info:    External font `cmex10' loaded for size
(Font)              <8> on input line 17.
LaTeX Font Info:    External font `cmex10' loaded for size
(Font)              <6> on input line 17.

Underfull \hbox (badness 10000) in paragraph at lines 21--22
[]\OT1/cmr/m/n/12 makeDynamicKeyPad.js, key-PadAc-tion-Lis-ten-er-Dol-
 []

[1

{/var/lib/texmf/fonts/map/pdftex/updmap/pdftex.map}]
<interAction.jpeg, id=8, 930.47626pt x 682.55pt>
File: interAction.jpeg Graphic file (type jpg)
 <use interAction.jpeg>
<ObjectModelvm.png, id=9, 1087.06125pt x 937.5025pt>
File: ObjectModelvm.png Graphic file (type png)
 <use ObjectModelvm.png>
Overfull \hbox (44.81679pt too wide) in paragraph at lines 55--56
 [][] 
 []

[2 <./interAction.jpeg>] [3 <./ObjectModelvm.png (PNG copy)>]
(./proj2Finalreport.aux)

LaTeX Warning: There were multiply-defined labels.

 ) 
Here is how much of TeX's memory you used:
 925 strings out of 495061
 11627 string characters out of 1182621
 62658 words of memory out of 3000000
 4148 multiletter control sequences out of 15000+50000
 8501 words of font info for 30 fonts, out of 3000000 for 9000
 28 hyphenation exceptions out of 8191
 25i,8n,19p,368b,200s stack positions out of 5000i,500n,10000p,200000b,50000s
</usr/share/texmf-texlive/fonts/type1/public/amsfonts/cm/cmbx12.pfb></usr/sha
re/texmf-texlive/fonts/type1/public/amsfonts/cm/cmr12.pfb></usr/share/texmf-tex
live/fonts/type1/public/amsfonts/cm/cmr17.pfb>
Output written on proj2Finalreport.pdf (3 pages, 129913 bytes).
PDF statistics:
 26 PDF objects out of 1000 (max. 8388607)
 0 named destinations out of 1000 (max. 500000)
 11 words of extra memory for PDF output out of 10000 (max. 10000000)

